<?xml version="1.0" encoding="UTF-8"?>
<!-- Generated by org.testng.reporters.JUnitReportReporter -->
<testsuite hostname="LAPTOP-QAIF69AF" failures="0" tests="2" name="Framework.TestPage" time="35.284" errors="0" timestamp="2021-12-18T13:27:54 IST" skipped="0">
  <testcase classname="Framework.TestPage" name="NavigationTest" time="16.455"/>
  <system-out/>
  <testcase classname="Framework.TestPage" name="NavigationTest" time="18.829"/>
  <system-out/>
</testsuite> <!-- Framework.TestPage -->
