<?xml version="1.0" encoding="UTF-8"?>
<!-- Generated by org.testng.reporters.JUnitReportReporter -->
<testsuite hostname="LAPTOP-QAIF69AF" failures="0" tests="1" name="Framework.Real_Time_Scenario2Test" time="6.103" errors="0" timestamp="2021-12-19T23:18:52 IST" skipped="0">
  <testcase classname="Framework.Real_Time_Scenario2Test" name="Scenario2" time="6.103"/>
  <system-out/>
</testsuite> <!-- Framework.Real_Time_Scenario2Test -->
