<?xml version="1.0" encoding="UTF-8"?>
<!-- Generated by org.testng.reporters.JUnitReportReporter -->
<testsuite hostname="LAPTOP-QAIF69AF" failures="0" tests="1" name="Framework.Real_Time_Scenario1Test" time="11.055" errors="0" timestamp="2021-12-19T23:18:52 IST" skipped="0">
  <testcase classname="Framework.Real_Time_Scenario1Test" name="Scenario1" time="11.055"/>
  <system-out/>
</testsuite> <!-- Framework.Real_Time_Scenario1Test -->
